Jul 23, 2017 6:44:43 PM org.apache.karaf.main.Main launch
INFO: Installing and starting initial bundles
Jul 23, 2017 6:44:43 PM org.apache.karaf.main.Main launch
INFO: All initial bundles installed and set to start
Jul 23, 2017 6:44:43 PM org.apache.karaf.main.Main$KarafLockCallback lockAquired
INFO: Lock acquired. Setting startlevel to 100
Jul 23, 2017 6:44:43 PM org.sonatype.nexus.karaf.NexusMain launch
INFO: ...launched Nexus!
Jul 23, 2017 6:57:09 PM org.apache.karaf.main.Main launch
INFO: Installing and starting initial bundles
Jul 23, 2017 6:57:09 PM org.apache.karaf.main.Main launch
INFO: All initial bundles installed and set to start
Jul 23, 2017 6:57:10 PM org.apache.karaf.main.Main$KarafLockCallback lockAquired
INFO: Lock acquired. Setting startlevel to 100
Jul 23, 2017 6:57:10 PM org.sonatype.nexus.karaf.NexusMain launch
INFO: ...launched Nexus!
Jul 23, 2017 6:58:48 PM org.apache.karaf.main.Main launch
INFO: Installing and starting initial bundles
Jul 23, 2017 6:58:48 PM org.apache.karaf.main.Main launch
INFO: All initial bundles installed and set to start
Jul 23, 2017 6:58:48 PM org.sonatype.nexus.karaf.NexusMain launch
INFO: ...launched Nexus!
Jul 23, 2017 6:58:48 PM org.apache.karaf.main.Main$KarafLockCallback lockAquired
INFO: Lock acquired. Setting startlevel to 100
Jul 23, 2017 6:59:57 PM org.apache.karaf.main.Main launch
INFO: Installing and starting initial bundles
Jul 23, 2017 6:59:57 PM org.apache.karaf.main.Main launch
INFO: All initial bundles installed and set to start
Jul 23, 2017 6:59:57 PM org.sonatype.nexus.karaf.NexusMain launch
INFO: ...launched Nexus!
Jul 23, 2017 6:59:57 PM org.apache.karaf.main.Main$KarafLockCallback lockAquired
INFO: Lock acquired. Setting startlevel to 100
Jul 23, 2017 7:11:20 PM org.apache.karaf.main.Main launch
INFO: Installing and starting initial bundles
Jul 23, 2017 7:11:20 PM org.apache.karaf.main.Main launch
INFO: All initial bundles installed and set to start
Jul 23, 2017 7:11:20 PM org.sonatype.nexus.karaf.NexusMain launch
INFO: ...launched Nexus!
Jul 23, 2017 7:11:20 PM org.apache.karaf.main.Main$KarafLockCallback lockAquired
INFO: Lock acquired. Setting startlevel to 100
Jul 23, 2017 7:14:53 PM org.apache.karaf.main.Main launch
INFO: Installing and starting initial bundles
Jul 23, 2017 7:14:53 PM org.apache.karaf.main.Main launch
INFO: All initial bundles installed and set to start
Jul 23, 2017 7:14:53 PM org.sonatype.nexus.karaf.NexusMain launch
INFO: ...launched Nexus!
Jul 23, 2017 7:14:53 PM org.apache.karaf.main.Main$KarafLockCallback lockAquired
INFO: Lock acquired. Setting startlevel to 100
Jul 23, 2017 7:15:44 PM org.apache.karaf.main.Main launch
INFO: Installing and starting initial bundles
Jul 23, 2017 7:15:45 PM org.apache.karaf.main.Main launch
INFO: All initial bundles installed and set to start
Jul 23, 2017 7:15:45 PM org.sonatype.nexus.karaf.NexusMain launch
INFO: ...launched Nexus!
Jul 23, 2017 7:15:45 PM org.apache.karaf.main.Main$KarafLockCallback lockAquired
INFO: Lock acquired. Setting startlevel to 100
Jul 23, 2017 7:18:02 PM org.apache.karaf.main.Main launch
INFO: Installing and starting initial bundles
Jul 23, 2017 7:18:02 PM org.apache.karaf.main.Main launch
INFO: All initial bundles installed and set to start
Jul 23, 2017 7:18:03 PM org.sonatype.nexus.karaf.NexusMain launch
INFO: ...launched Nexus!
Jul 23, 2017 7:18:03 PM org.apache.karaf.main.Main$KarafLockCallback lockAquired
INFO: Lock acquired. Setting startlevel to 100
Jul 23, 2017 7:19:18 PM org.apache.karaf.main.Main launch
INFO: Installing and starting initial bundles
Jul 23, 2017 7:19:18 PM org.apache.karaf.main.Main launch
INFO: All initial bundles installed and set to start
Jul 23, 2017 7:19:19 PM org.sonatype.nexus.karaf.NexusMain launch
INFO: ...launched Nexus!
Jul 23, 2017 7:19:19 PM org.apache.karaf.main.Main$KarafLockCallback lockAquired
INFO: Lock acquired. Setting startlevel to 100
Jul 23, 2017 7:22:10 PM org.apache.karaf.main.Main launch
INFO: Installing and starting initial bundles
Jul 23, 2017 7:22:10 PM org.apache.karaf.main.Main launch
INFO: All initial bundles installed and set to start
Jul 23, 2017 7:22:11 PM org.apache.karaf.main.Main$KarafLockCallback lockAquired
INFO: Lock acquired. Setting startlevel to 100
Jul 23, 2017 7:22:11 PM org.sonatype.nexus.karaf.NexusMain launch
INFO: ...launched Nexus!
Jul 23, 2017 7:27:31 PM org.apache.karaf.main.Main launch
INFO: Installing and starting initial bundles
Jul 23, 2017 7:27:31 PM org.apache.karaf.main.Main launch
INFO: All initial bundles installed and set to start
Jul 23, 2017 7:27:32 PM org.apache.karaf.main.Main$KarafLockCallback lockAquired
INFO: Lock acquired. Setting startlevel to 100
Jul 23, 2017 7:27:32 PM org.sonatype.nexus.karaf.NexusMain launch
INFO: ...launched Nexus!
